{
  "RSpec": {
    "coverage": {
      "/Users/Guest/Desktop/travel_giver/spec/features/countries_spec.rb": [
        1,
        1,
        1,
        null,
        null,
        1,
        1,
        1,
        1,
        1,
        0,
        0,
        0,
        0,
        0,
        0,
        null,
        null,
        1,
        1,
        1,
        1,
        1,
        1,
        0,
        0,
        null,
        null,
        1,
        1,
        1,
        1,
        0,
        0,
        0,
        0,
        0,
        0,
        null,
        null,
        null
      ],
      "/Users/Guest/Desktop/travel_giver/spec/rails_helper.rb": [
        null,
        1,
        1,
        null,
        1,
        1,
        1,
        null,
        null,
        null,
        null,
        null,
        null,
        null,
        null,
        null,
        null,
        null,
        null,
        null,
        null,
        null,
        null,
        null,
        null,
        null,
        1,
        null,
        1,
        null,
        1,
        null,
        null,
        null,
        null,
        null,
        1,
        1,
        null,
        null,
        1,
        16,
        16,
        null,
        null,
        null,
        null,
        null,
        null,
        null,
        null,
        null,
        null,
        null,
        null,
        null,
        null,
        null,
        null,
        1,
        null
      ],
      "/Users/Guest/Desktop/travel_giver/config/environment.rb": [
        null,
        1,
        null,
        null,
        1
      ],
      "/Users/Guest/Desktop/travel_giver/config/application.rb": [
        1,
        null,
        1,
        null,
        1,
        1,
        1,
        1,
        1,
        1,
        1,
        null,
        null,
        null,
        null,
        1,
        null,
        1,
        1,
        null,
        null,
        null,
        null,
        null,
        null,
        null,
        null,
        null,
        null,
        null,
        null,
        null,
        1,
        null,
        null
      ],
      "/Users/Guest/Desktop/travel_giver/config/boot.rb": [
        1,
        null,
        1
      ],
      "/Users/Guest/Desktop/travel_giver/config/environments/test.rb": [
        1,
        null,
        null,
        null,
        null,
        null,
        null,
        1,
        null,
        null,
        null,
        null,
        1,
        null,
        null,
        1,
        1,
        null,
        null,
        1,
        1,
        null,
        null,
        1,
        null,
        null,
        1,
        null,
        null,
        null,
        null,
        1,
        null,
        null,
        1,
        null,
        null,
        1,
        null,
        null,
        null,
        null
      ],
      "/Users/Guest/Desktop/travel_giver/config/initializers/assets.rb": [
        null,
        null,
        null,
        1,
        null,
        null,
        null,
        null,
        null,
        null,
        null
      ],
      "/Users/Guest/Desktop/travel_giver/config/initializers/backtrace_silencers.rb": [
        null,
        null,
        null,
        null,
        null,
        null,
        null
      ],
      "/Users/Guest/Desktop/travel_giver/config/initializers/cookies_serializer.rb": [
        null,
        null,
        1
      ],
      "/Users/Guest/Desktop/travel_giver/config/initializers/devise.rb": [
        null,
        null,
        1,
        null,
        null,
        null,
        null,
        null,
        null,
        null,
        null,
        null,
        null,
        null,
        1,
        null,
        null,
        null,
        null,
        null,
        null,
        null,
        null,
        1,
        null,
        null,
        null,
        null,
        null,
        null,
        null,
        null,
        null,
        null,
        null,
        null,
        null,
        null,
        null,
        null,
        null,
        null,
        null,
        null,
        null,
        1,
        null,
        null,
        null,
        null,
        1,
        null,
        null,
        null,
        null,
        null,
        null,
        null,
        null,
        null,
        null,
        null,
        null,
        null,
        null,
        null,
        null,
        null,
        null,
        null,
        null,
        null,
        null,
        null,
        null,
        null,
        null,
        null,
        null,
        null,
        null,
        1,
        null,
        null,
        null,
        null,
        null,
        null,
        null,
        null,
        null,
        null,
        null,
        null,
        null,
        null,
        null,
        null,
        1,
        null,
        null,
        null,
        null,
        null,
        null,
        null,
        null,
        null,
        null,
        null,
        null,
        null,
        null,
        null,
        null,
        null,
        null,
        null,
        null,
        null,
        null,
        null,
        null,
        1,
        null,
        null,
        null,
        null,
        null,
        null,
        null,
        null,
        null,
        1,
        null,
        null,
        null,
        null,
        null,
        null,
        null,
        null,
        null,
        null,
        1,
        null,
        null,
        null,
        null,
        null,
        null,
        null,
        null,
        null,
        null,
        null,
        null,
        null,
        null,
        null,
        null,
        null,
        null,
        null,
        null,
        null,
        null,
        null,
        null,
        null,
        null,
        null,
        null,
        null,
        null,
        null,
        null,
        null,
        null,
        null,
        null,
        null,
        null,
        null,
        null,
        null,
        null,
        null,
        null,
        null,
        null,
        null,
        null,
        1,
        null,
        null,
        null,
        null,
        null,
        null,
        null,
        null,
        null,
        null,
        null,
        null,
        null,
        null,
        null,
        null,
        null,
        null,
        null,
        null,
        null,
        null,
        null,
        null,
        null,
        null,
        null,
        null,
        null,
        null,
        null,
        null,
        null,
        null,
        null,
        null,
        null,
        null,
        null,
        null,
        null,
        1,
        null,
        null,
        null,
        null,
        null,
        null,
        null,
        null,
        null,
        null,
        null,
        null,
        null,
        null,
        null,
        null,
        null,
        null,
        null,
        null,
        null,
        null,
        null,
        null,
        null,
        null,
        null,
        null,
        null
      ],
      "/Users/Guest/Desktop/travel_giver/config/initializers/filter_parameter_logging.rb": [
        null,
        null,
        null,
        1
      ],
      "/Users/Guest/Desktop/travel_giver/config/initializers/inflections.rb": [
        null,
        null,
        null,
        null,
        null,
        null,
        null,
        null,
        null,
        null,
        null,
        null,
        null,
        null,
        null,
        null
      ],
      "/Users/Guest/Desktop/travel_giver/config/initializers/mime_types.rb": [
        null,
        null,
        null,
        null
      ],
      "/Users/Guest/Desktop/travel_giver/config/initializers/session_store.rb": [
        null,
        null,
        1
      ],
      "/Users/Guest/Desktop/travel_giver/config/initializers/stripe.rb": [
        1,
        null,
        null,
        null,
        null,
        1
      ],
      "/Users/Guest/Desktop/travel_giver/config/initializers/wrap_parameters.rb": [
        null,
        null,
        null,
        null,
        null,
        null,
        1,
        1,
        null,
        null,
        null,
        null,
        null,
        null
      ],
      "/Users/Guest/Desktop/travel_giver/config/routes.rb": [
        1,
        1,
        1,
        null,
        1,
        1,
        null,
        null,
        1,
        1,
        null
      ],
      "/Users/Guest/Desktop/travel_giver/app/models/user.rb": [
        1,
        1,
        1,
        null,
        null,
        1,
        null,
        null
      ],
      "/Users/Guest/Desktop/travel_giver/app/controllers/application_controller.rb": [
        1,
        null,
        null,
        1,
        null
      ],
      "/Users/Guest/Desktop/travel_giver/app/helpers/application_helper.rb": [
        1,
        null
      ],
      "/Users/Guest/Desktop/travel_giver/app/controllers/allprojects_controller.rb": [
        1,
        null,
        1,
        0,
        null,
        null
      ],
      "/Users/Guest/Desktop/travel_giver/app/controllers/charges_controller.rb": [
        1,
        null,
        1,
        null,
        null,
        1,
        null,
        0,
        0,
        0,
        0,
        0,
        0,
        null,
        0,
        0,
        0,
        null,
        0,
        null,
        null,
        null,
        null,
        0,
        null,
        null,
        null,
        null,
        null,
        null,
        0,
        0,
        0,
        null,
        null,
        null,
        0,
        0,
        null,
        null,
        null
      ],
      "/Users/Guest/Desktop/travel_giver/app/controllers/countries_controller.rb": [
        1,
        null,
        1,
        5,
        5,
        5,
        5,
        5,
        5,
        5,
        5,
        null,
        null,
        1,
        0,
        0,
        null,
        0,
        null,
        null,
        null,
        1,
        0,
        0,
        0,
        0,
        null,
        0,
        0,
        null,
        null,
        null,
        1,
        0,
        0,
        null,
        null,
        1,
        0,
        0,
        null,
        0,
        null,
        null,
        null,
        1,
        0,
        0,
        0,
        0,
        null,
        0,
        0,
        null,
        null,
        null,
        1,
        0,
        0,
        0,
        null,
        null,
        1,
        1,
        0,
        null,
        null
      ],
      "/Users/Guest/Desktop/travel_giver/app/controllers/projects_controller.rb": [
        1,
        null,
        1,
        0,
        null,
        null,
        1,
        1,
        1,
        1,
        null,
        0,
        null,
        null,
        null,
        1,
        0,
        0,
        0,
        0,
        0,
        null,
        0,
        0,
        null,
        null,
        null,
        1,
        null,
        0,
        0,
        null,
        null,
        1,
        0,
        0,
        0,
        null,
        0,
        null,
        null,
        null,
        1,
        0,
        0,
        0,
        0,
        0,
        null,
        0,
        0,
        null,
        null,
        null,
        1,
        0,
        0,
        0,
        0,
        null,
        null,
        1,
        1,
        0,
        null,
        null
      ],
      "/Users/Guest/Desktop/travel_giver/app/models/country.rb": [
        1,
        1,
        1,
        1,
        1,
        null,
        1,
        1,
        null,
        null
      ],
      "/Users/Guest/Desktop/travel_giver/app/models/project.rb": [
        1,
        1,
        1,
        null,
        1,
        1,
        1,
        null,
        1,
        1,
        null
      ],
      "/Users/Guest/Desktop/travel_giver/spec/factories.rb": [
        1,
        1,
        1,
        1,
        1,
        1,
        null,
        null,
        1,
        1,
        1,
        1,
        1,
        1,
        null,
        null,
        1,
        1,
        1,
        1,
        null,
        null,
        1,
        1,
        1,
        null,
        null
      ],
      "/Users/Guest/Desktop/travel_giver/spec/features/projects_spec.rb": [
        1,
        null,
        null,
        1,
        1,
        1,
        1,
        1,
        1,
        1,
        1,
        0,
        null,
        null,
        null,
        1,
        1,
        1,
        1,
        1,
        1,
        0,
        0,
        0,
        0,
        0,
        0,
        0,
        0,
        0,
        0,
        0,
        null,
        null,
        null,
        null,
        1,
        1,
        1,
        1,
        1,
        1,
        1,
        0,
        0,
        0,
        0,
        0,
        null,
        null
      ],
      "/Users/Guest/Desktop/travel_giver/spec/models/country_spec.rb": [
        1,
        null,
        1,
        2,
        2,
        2,
        2,
        null
      ],
      "/Users/Guest/Desktop/travel_giver/spec/models/project_spec.rb": [
        1,
        null,
        1,
        2,
        2,
        2,
        2,
        null
      ],
      "/Users/Guest/Desktop/travel_giver/spec/models/user_spec.rb": [
        1,
        null,
        1,
        2,
        2,
        null
      ]
    },
    "timestamp": 1437771604
  }
}
